<?xml version="1.0" encoding="UTF-8" ?>
<testsuite errors="0" failures="0" hostname="jefferson-PC" name="entidades.EmpleadoTest1" tests="17" time="1.046" timestamp="2012-07-17T02:39:28">
  <properties>
    <property name="netbeans.autoupdate.country" value="ES" />
    <property name="javac.test.classpath" value="C:\Program Files\NetBeans 7.0.1\ide\modules\ext\mysql-connector-java-5.1.13-bin.jar:${libs.jasperreports.classpath}:C:\Program Files\NetBeans 7.0.1\ide\modules\ext\postgresql-8.3-603.jdbc3.jar:F:\TP2\Semana 13\Software adicional\librería\commons-beanutils-1.8.0.jar;F:\TP2\Semana 13\Software adicional\librería\commons-collections-3.2.1.jar;F:\TP2\Semana 13\Software adicional\librería\commons-digester-1.7.jar;F:\TP2\Semana 13\Software adicional\librería\commons-logging-1.1.jar;F:\TP2\Semana 13\Software adicional\librería\iText-2.1.0.jar;F:\TP2\Semana 13\Software adicional\librería\jasperreports-3.6.1.jar;F:\TP2\Semana 13\Software adicional\librería\mysql-connector-java-5.0.7-bin.jar;F:\TP2\Semana 13\Software adicional\librería\poi-3.5-FINAL-20090928.jar:${libs.MyLibrary2.classpath}:build/classes:C:\Users\jefferson\.netbeans\7.0\modules\ext\junit-4.8.2.jar" />
    <property name="libs.JasperReports.javadoc" value="" />
    <property name="libs.junit.javadoc" value="C:\Users\jefferson\.netbeans\7.0\docs\junit-3.8.2-api.zip" />
    <property name="javac.includes" value="entidades/EmpleadoTest1.java" />
    <property name="ant.core.lib" value="C:\Program Files\NetBeans 7.0.1\java\ant\lib\ant.jar" />
    <property name="ant.file.Eurekabank-impl" value="F:\TP2\GRUPO1- TP_II\Eurekabank\nbproject\build-impl.xml" />
    <property name="libs.swing-app-framework.src" value="" />
    <property name="javadoc.windowtitle" value="" />
    <property name="libs.toplink.classpath" value="C:\Program Files\NetBeans 7.0.1\java\modules\ext\toplink\toplink-essentials.jar;C:\Program Files\NetBeans 7.0.1\java\modules\ext\toplink\toplink-essentials-agent.jar" />
    <property name="user.dir" value="F:\TP2\GRUPO1- TP_II\Eurekabank" />
    <property name="libs.hibernate-persistence.javadoc" value="" />
    <property name="java.vm.version" value="21.0-b17" />
    <property name="libs.JasperReports.src" value="" />
    <property name="libs.MySQLDriver.classpath" value="C:\Program Files\NetBeans 7.0.1\ide\modules\ext\mysql-connector-java-5.1.13-bin.jar" />
    <property name="libs.eclipselinkmodelgen.src" value="" />
    <property name="javadoc.notree" value="false" />
    <property name="netbeans.autoupdate.version" value="1.23" />
    <property name="libs.hibernate-support.maven-pom" value="" />
    <property name="libs.hibernate-support.javadoc" value="" />
    <property name="jdk.home" value="C:\Program Files\Java\jdk1.7.0" />
    <property name="libs.javac-api.src" value="" />
    <property name="javadoc.noindex" value="false" />
    <property name="sun.os.patch.level" value="Service Pack 1" />
    <property name="do.archive+manifest.available" value="true" />
    <property name="java.vm.specification.name" value="Java Virtual Machine Specification" />
    <property name="nb.show.statistics.ui" value="usageStatisticsEnabled" />
    <property name="netbeans.autoupdate.variant" value="" />
    <property name="have.tests" value="true" />
    <property name="org.xml.sax.driver" value="com.sun.org.apache.xerces.internal.jaxp.SAXParserImpl$JAXPSAXParser" />
    <property name="libs.javac-api.javadoc" value="" />
    <property name="os.name" value="Windows 7" />
    <property name="libs.beans-binding.classpath" value="C:\Program Files\NetBeans 7.0.1\java\modules\ext\beansbinding-1.2.1.jar" />
    <property name="libs.JWSAntTasks.maven-pom" value="" />
    <property name="java.vendor.url.bug" value="http://bugreport.sun.com/bugreport/" />
    <property name="libs.jaxb.maven-pom" value="" />
    <property name="os.arch" value="x86" />
    <property name="libs.eclipselink.src" value="" />
    <property name="user.name" value="jefferson" />
    <property name="manifest.available+main.class" value="true" />
    <property name="libs.swing-layout.maven-pom" value="" />
    <property name="ant.file.type.Eurekabank-impl" value="file" />
    <property name="sun.java.command" value="org.apache.tools.ant.taskdefs.optional.junit.JUnitTestRunner entidades.EmpleadoTest1 filtertrace=true haltOnError=false haltOnFailure=false showoutput=true outputtoformatters=true logfailedtests=true logtestlistenerevents=true formatter=org.apache.tools.ant.taskdefs.optional.junit.BriefJUnitResultFormatter formatter=org.apache.tools.ant.taskdefs.optional.junit.XMLJUnitResultFormatter,F:\TP2\GRUPO1- TP_II\Eurekabank\build\test\results\TEST-entidades.EmpleadoTest1.xml crashfile=F:\TP2\GRUPO1- TP_II\Eurekabank\build\junitvmwatcher9105162841381615152.properties propsfile=F:\TP2\GRUPO1- TP_II\Eurekabank\build\junit5682750701588059258.properties" />
    <property name="build.classes.dir" value="build/classes" />
    <property name="netbeans.accept_license_class" value="org.netbeans.license.AcceptLicense" />
    <property name="build.sysclasspath" value="ignore" />
    <property name="libs.jaxws21.javadoc" value="C:\Program Files\NetBeans 7.0.1\java\docs\jaxws-api-doc.zip" />
    <property name="includes" value="**" />
    <property name="user.country" value="ES" />
    <property name="manifest.file" value="manifest.mf" />
    <property name="javadoc.encoding" value="UTF-8" />
    <property name="javac.classpath" value="C:\Program Files\NetBeans 7.0.1\ide\modules\ext\mysql-connector-java-5.1.13-bin.jar:${libs.jasperreports.classpath}:C:\Program Files\NetBeans 7.0.1\ide\modules\ext\postgresql-8.3-603.jdbc3.jar:F:\TP2\Semana 13\Software adicional\librería\commons-beanutils-1.8.0.jar;F:\TP2\Semana 13\Software adicional\librería\commons-collections-3.2.1.jar;F:\TP2\Semana 13\Software adicional\librería\commons-digester-1.7.jar;F:\TP2\Semana 13\Software adicional\librería\commons-logging-1.1.jar;F:\TP2\Semana 13\Software adicional\librería\iText-2.1.0.jar;F:\TP2\Semana 13\Software adicional\librería\jasperreports-3.6.1.jar;F:\TP2\Semana 13\Software adicional\librería\mysql-connector-java-5.0.7-bin.jar;F:\TP2\Semana 13\Software adicional\librería\poi-3.5-FINAL-20090928.jar:${libs.MyLibrary2.classpath}" />
    <property name="debug-transport" value="dt_shmem" />
    <property name="netbeans.home" value="C:\Program Files\NetBeans 7.0.1\platform" />
    <property name="build.compiler.emacs" value="true" />
    <property name="libs.ejb3-persistence.src" value="" />
    <property name="java.endorsed.dirs" value="C:\Program Files\Java\jdk1.7.0\jre\lib\endorsed" />
    <property name="test.includes" value="entidades/EmpleadoTest1.java" />
    <property name="netbeans.dynamic.classpath" value="C:\Program Files\NetBeans 7.0.1\platform\core\core.jar;C:\Program Files\NetBeans 7.0.1\platform\core\org-openide-filesystems.jar;C:\Program Files\NetBeans 7.0.1\platform\core\locale\core_ar_SA.jar;C:\Program Files\NetBeans 7.0.1\platform\core\locale\core_bg.jar;C:\Program Files\NetBeans 7.0.1\platform\core\locale\core_ca.jar;C:\Program Files\NetBeans 7.0.1\platform\core\locale\core_cs.jar;C:\Program Files\NetBeans 7.0.1\platform\core\locale\core_de.jar;C:\Program Files\NetBeans 7.0.1\platform\core\locale\core_es.jar;C:\Program Files\NetBeans 7.0.1\platform\core\locale\core_fr.jar;C:\Program Files\NetBeans 7.0.1\platform\core\locale\core_gl_ES.jar;C:\Program Files\NetBeans 7.0.1\platform\core\locale\core_in_ID.jar;C:\Program Files\NetBeans 7.0.1\platform\core\locale\core_it.jar;C:\Program Files\NetBeans 7.0.1\platform\core\locale\core_ko.jar;C:\Program Files\NetBeans 7.0.1\platform\core\locale\core_nl_NL.jar;C:\Program Files\NetBeans 7.0.1\platform\core\locale\core_pl.jar;C:\Program Files\NetBeans 7.0.1\platform\core\locale\core_pt_PT.jar;C:\Program Files\NetBeans 7.0.1\platform\core\locale\core_ro.jar;C:\Program Files\NetBeans 7.0.1\platform\core\locale\core_si.jar;C:\Program Files\NetBeans 7.0.1\platform\core\locale\core_sq.jar;C:\Program Files\NetBeans 7.0.1\platform\core\locale\core_sv.jar;C:\Program Files\NetBeans 7.0.1\platform\core\locale\core_tr.jar;C:\Program Files\NetBeans 7.0.1\platform\core\locale\core_zh_TW.jar;C:\Program Files\NetBeans 7.0.1\platform\core\locale\org-openide-filesystems_ar_SA.jar;C:\Program Files\NetBeans 7.0.1\platform\core\locale\org-openide-filesystems_bg.jar;C:\Program Files\NetBeans 7.0.1\platform\core\locale\org-openide-filesystems_ca.jar;C:\Program Files\NetBeans 7.0.1\platform\core\locale\org-openide-filesystems_cs.jar;C:\Program Files\NetBeans 7.0.1\platform\core\locale\org-openide-filesystems_de.jar;C:\Program Files\NetBeans 7.0.1\platform\core\locale\org-openide-filesystems_es.jar;C:\Program Files\NetBeans 7.0.1\platform\core\locale\org-openide-filesystems_fr.jar;C:\Program Files\NetBeans 7.0.1\platform\core\locale\org-openide-filesystems_gl_ES.jar;C:\Program Files\NetBeans 7.0.1\platform\core\locale\org-openide-filesystems_in_ID.jar;C:\Program Files\NetBeans 7.0.1\platform\core\locale\org-openide-filesystems_it.jar;C:\Program Files\NetBeans 7.0.1\platform\core\locale\org-openide-filesystems_ko.jar;C:\Program Files\NetBeans 7.0.1\platform\core\locale\org-openide-filesystems_nl_NL.jar;C:\Program Files\NetBeans 7.0.1\platform\core\locale\org-openide-filesystems_pl.jar;C:\Program Files\NetBeans 7.0.1\platform\core\locale\org-openide-filesystems_pt_PT.jar;C:\Program Files\NetBeans 7.0.1\platform\core\locale\org-openide-filesystems_ro.jar;C:\Program Files\NetBeans 7.0.1\platform\core\locale\org-openide-filesystems_si.jar;C:\Program Files\NetBeans 7.0.1\platform\core\locale\org-openide-filesystems_sq.jar;C:\Program Files\NetBeans 7.0.1\platform\core\locale\org-openide-filesystems_sv.jar;C:\Program Files\NetBeans 7.0.1\platform\core\locale\org-openide-filesystems_tr.jar;C:\Program Files\NetBeans 7.0.1\platform\core\locale\org-openide-filesystems_zh_TW.jar;C:\Program Files\NetBeans 7.0.1\nb\core\org-netbeans-upgrader.jar;C:\Program Files\NetBeans 7.0.1\nb\core\locale\core_nb.jar;C:\Program Files\NetBeans 7.0.1\nb\core\locale\core_nb_ca.jar;C:\Program Files\NetBeans 7.0.1\nb\core\locale\core_nb_de.jar;C:\Program Files\NetBeans 7.0.1\nb\core\locale\core_nb_es.jar;C:\Program Files\NetBeans 7.0.1\nb\core\locale\core_nb_fr.jar;C:\Program Files\NetBeans 7.0.1\nb\core\locale\core_nb_gl_ES.jar;C:\Program Files\NetBeans 7.0.1\nb\core\locale\core_nb_it.jar;C:\Program Files\NetBeans 7.0.1\nb\core\locale\core_nb_ko.jar;C:\Program Files\NetBeans 7.0.1\nb\core\locale\core_nb_nl_NL.jar;C:\Program Files\NetBeans 7.0.1\nb\core\locale\core_nb_sv.jar;C:\Program Files\NetBeans 7.0.1\nb\core\locale\core_nb_tr.jar;C:\Program Files\NetBeans 7.0.1\nb\core\locale\core_nb_zh_TW.jar;C:\Program Files\NetBeans 7.0.1\nb\core\locale\org-netbeans-upgrader_ca.jar;C:\Program Files\NetBeans 7.0.1\nb\core\locale\org-netbeans-upgrader_de.jar;C:\Program Files\NetBeans 7.0.1\nb\core\locale\org-netbeans-upgrader_es.jar;C:\Program Files\NetBeans 7.0.1\nb\core\locale\org-netbeans-upgrader_fr.jar;C:\Program Files\NetBeans 7.0.1\nb\core\locale\org-netbeans-upgrader_gl_ES.jar;C:\Program Files\NetBeans 7.0.1\nb\core\locale\org-netbeans-upgrader_it.jar;C:\Program Files\NetBeans 7.0.1\nb\core\locale\org-netbeans-upgrader_ko.jar;C:\Program Files\NetBeans 7.0.1\nb\core\locale\org-netbeans-upgrader_nl_NL.jar;C:\Program Files\NetBeans 7.0.1\nb\core\locale\org-netbeans-upgrader_sv.jar;C:\Program Files\NetBeans 7.0.1\nb\core\locale\org-netbeans-upgrader_tr.jar;C:\Program Files\NetBeans 7.0.1\nb\core\locale\org-netbeans-upgrader_zh_TW.jar" />
    <property name="java.vm.specification.version" value="1.7" />
    <property name="libs.hibernate-persistence.classpath" value="C:\Program Files\NetBeans 7.0.1\java\modules\ext\hibernate\antlr-2.7.6.jar;C:\Program Files\NetBeans 7.0.1\java\modules\ext\hibernate\asm.jar;C:\Program Files\NetBeans 7.0.1\java\modules\ext\hibernate\asm-attrs.jar;C:\Program Files\NetBeans 7.0.1\java\modules\ext\hibernate\cglib-2.1.3.jar;C:\Program Files\NetBeans 7.0.1\java\modules\ext\hibernate\commons-collections-2.1.1.jar;C:\Program Files\NetBeans 7.0.1\ide\modules\ext\commons-logging-1.1.jar;C:\Program Files\NetBeans 7.0.1\java\modules\ext\hibernate\dom4j-1.6.1.jar;C:\Program Files\NetBeans 7.0.1\java\modules\ext\hibernate\ehcache-1.2.3.jar;C:\Program Files\NetBeans 7.0.1\java\modules\ext\hibernate\jdbc2_0-stdext.jar;C:\Program Files\NetBeans 7.0.1\java\modules\ext\hibernate\jta.jar;C:\Program Files\NetBeans 7.0.1\java\modules\ext\hibernate\hibernate3.jar;C:\Program Files\NetBeans 7.0.1\java\modules\ext\hibernate\hibernate-tools.jar;C:\Program Files\NetBeans 7.0.1\java\modules\ext\hibernate\hibernate-annotations.jar;C:\Program Files\NetBeans 7.0.1\java\modules\ext\hibernate\hibernate-commons-annotations.jar;C:\Program Files\NetBeans 7.0.1\java\modules\ext\hibernate\hibernate-entitymanager.jar;C:\Program Files\NetBeans 7.0.1\java\modules\ext\hibernate\javassist.jar;C:\Program Files\NetBeans 7.0.1\java\modules\ext\hibernate\ejb3-persistence.jar" />
    <property name="libs.jaxws21.src" value="" />
    <property name="application.title" value="Eurekabank" />
    <property name="do.archive" value="true" />
    <property name="libs.swing-app-framework.classpath" value="C:\Program Files\NetBeans 7.0.1\java\modules\ext\appframework-1.0.3.jar;C:\Program Files\NetBeans 7.0.1\java\modules\ext\swing-worker-1.1.jar" />
    <property name="netbeans.autoupdate.language" value="es" />
    <property name="java.vendor" value="Oracle Corporation" />
    <property name="jar.index.metainf" value="false" />
    <property name="javac.debug" value="true" />
    <property name="javadoc.splitindex" value="true" />
    <property name="file.separator" value="\" />
    <property name="javac.includesfile.binary" value="F:\TP2\GRUPO1- TP_II\Eurekabank\null1067156424" />
    <property name="libs.junit_4.maven-pom" value="" />
    <property name="mkdist.disabled" value="false" />
    <property name="javac.test.processorpath" value="C:\Program Files\NetBeans 7.0.1\ide\modules\ext\mysql-connector-java-5.1.13-bin.jar:${libs.jasperreports.classpath}:C:\Program Files\NetBeans 7.0.1\ide\modules\ext\postgresql-8.3-603.jdbc3.jar:F:\TP2\Semana 13\Software adicional\librería\commons-beanutils-1.8.0.jar;F:\TP2\Semana 13\Software adicional\librería\commons-collections-3.2.1.jar;F:\TP2\Semana 13\Software adicional\librería\commons-digester-1.7.jar;F:\TP2\Semana 13\Software adicional\librería\commons-logging-1.1.jar;F:\TP2\Semana 13\Software adicional\librería\iText-2.1.0.jar;F:\TP2\Semana 13\Software adicional\librería\jasperreports-3.6.1.jar;F:\TP2\Semana 13\Software adicional\librería\mysql-connector-java-5.0.7-bin.jar;F:\TP2\Semana 13\Software adicional\librería\poi-3.5-FINAL-20090928.jar:${libs.MyLibrary2.classpath}:build/classes:C:\Users\jefferson\.netbeans\7.0\modules\ext\junit-4.8.2.jar" />
    <property name="netbeans.buildnumber" value="201109201739" />
    <property name="libs.JWSAntTasks.javadoc" value="" />
    <property name="build.generated.sources.dir" value="build/generated-sources" />
    <property name="user.variant" value="" />
    <property name="libs.eclipselinkmodelgen.classpath" value="C:\Program Files\NetBeans 7.0.1\java\modules\ext\eclipselink\eclipselink-jpa-modelgen-2.2.0.jar" />
    <property name="sun.java.launcher" value="SUN_STANDARD" />
    <property name="libs.junit.classpath" value="C:\Users\jefferson\.netbeans\7.0\modules\ext\junit-3.8.2.jar" />
    <property name="libs.jaxb.javadoc" value="C:\Program Files\NetBeans 7.0.1\ide\docs\jaxb-api-doc.zip" />
    <property name="javac.includes.binary" value="F:\TP2\GRUPO1- TP_II\Eurekabank\build\test\classes\entidades\EmpleadoTest1.class" />
    <property name="ant.home" value="C:\Program Files\NetBeans 7.0.1\java\ant" />
    <property name="libs.junit_4.src" value="C:\Users\jefferson\.netbeans\7.0\docs\junit-4.8.2-src.jar" />
    <property name="libs.absolutelayout.maven-pom" value="" />
    <property name="ant.java.version" value="1.7" />
    <property name="java.library.path" value="C:\Program Files\Java\jdk1.7.0\jre\bin;C:\windows\Sun\Java\bin;C:\windows\system32;C:\windows;C:\Program Files\Rockwell Software\RSCommon;C:\Program Files\Common Files\Microsoft Shared\Windows Live;C:\windows\system32;C:\windows;C:\windows\System32\Wbem;C:\windows\System32\WindowsPowerShell\v1.0\;c:\Program Files\Microsoft SQL Server\90\Tools\binn\;C:\Program Files\Lenovo\Bluetooth Software\;C:\Program Files\Windows Live\Shared;c:\Program Files\Microsoft SQL Server\100\Tools\Binn\;c:\Program Files\Microsoft SQL Server\100\DTS\Binn\;." />
    <property name="javadoc.author" value="false" />
    <property name="manifest.available+main.class-mkdist.available" value="true" />
    <property name="java.util.logging.config.class" value="org.netbeans.core.startup.TopLogging" />
    <property name="libs.PostgreSQLDriver.src" value="" />
    <property name="sun.arch.data.model" value="32" />
    <property name="basedir" value="F:\TP2\GRUPO1- TP_II\Eurekabank" />
    <property name="jar.compress" value="false" />
    <property name="libs.JasperReports.classpath" value="C:\Users\jefferson\.netbeans\7.0\modules\ext\commons-beanutils-1.8.0.jar;C:\Users\jefferson\.netbeans\7.0\modules\ext\commons-collections-3.2.1.jar;C:\Users\jefferson\.netbeans\7.0\modules\ext\commons-digester-1.7.jar;C:\Users\jefferson\.netbeans\7.0\modules\ext\commons-logging-1.1.jar;C:\Users\jefferson\.netbeans\7.0\modules\ext\groovy-all-1.5.5.jar;C:\Users\jefferson\.netbeans\7.0\modules\ext\jakarta-bcel-20050813.jar;C:\Users\jefferson\.netbeans\7.0\modules\ext\jaxen-1.1.1.jar;C:\Users\jefferson\.netbeans\7.0\modules\ext\jcommon-1.0.15.jar;C:\Users\jefferson\.netbeans\7.0\modules\ext\jfreechart-1.0.12.jar;C:\Users\jefferson\.netbeans\7.0\modules\ext\jpa.jar;C:\Users\jefferson\.netbeans\7.0\modules\ext\jxl-2.6.jar;C:\Users\jefferson\.netbeans\7.0\modules\ext\png-encoder-1.5.jar;C:\Users\jefferson\.netbeans\7.0\modules\ext\poi-3.2-FINAL-20081019.jar;C:\Users\jefferson\.netbeans\7.0\libs\xalan.jar;C:\Users\jefferson\.netbeans\7.0\modules\ext\xercesImpl-2.7.0.jar;C:\Users\jefferson\.netbeans\7.0\modules\ext\xml-apis.jar;C:\Users\jefferson\.netbeans\7.0\modules\ext\batik-anim.jar;C:\Users\jefferson\.netbeans\7.0\modules\ext\batik-awt-util.jar;C:\Users\jefferson\.netbeans\7.0\modules\ext\batik-bridge.jar;C:\Users\jefferson\.netbeans\7.0\modules\ext\batik-css.jar;C:\Users\jefferson\.netbeans\7.0\modules\ext\batik-dom.jar;C:\Users\jefferson\.netbeans\7.0\modules\ext\batik-ext.jar;C:\Users\jefferson\.netbeans\7.0\modules\ext\batik-gvt.jar;C:\Users\jefferson\.netbeans\7.0\modules\ext\batik-parser.jar;C:\Users\jefferson\.netbeans\7.0\modules\ext\batik-script.jar;C:\Users\jefferson\.netbeans\7.0\modules\ext\batik-svg-dom.jar;C:\Users\jefferson\.netbeans\7.0\modules\ext\batik-svggen.jar;C:\Users\jefferson\.netbeans\7.0\modules\ext\batik-util.jar;C:\Users\jefferson\.netbeans\7.0\modules\ext\batik-xml.jar;C:\Users\jefferson\.netbeans\7.0\modules\ext\iText-2.1.0.jar;C:\Users\jefferson\.netbeans\7.0\modules\ext\rhino-1.7R1.jar;C:\Users\jefferson\.netbeans\7.0\modules\ext\xml-apis-ext.jar;C:\Users\jefferson\.netbeans\7.0\modules\ext\jasperreports-chart-themes-3.5.3.jar;C:\Users\jefferson\.netbeans\7.0\modules\ext\castor-1.2.jar;C:\Users\jefferson\.netbeans\7.0\modules\ext\barbecue-1.5-beta1.jar;C:\Users\jefferson\.netbeans\7.0\modules\ext\barcode4j-2.0.jar" />
    <property name="path.separator" value=";" />
    <property name="ant.junit.enabletestlistenerevents" value="true" />
    <property name="sun.io.unicode.encoding" value="UnicodeLittle" />
    <property name="libs.jaxws21.classpath" value="C:\Program Files\NetBeans 7.0.1\ide\modules\ext\jaxb\jaxb-impl.jar;C:\Program Files\NetBeans 7.0.1\ide\modules\ext\jaxb\jaxb-xjc.jar;C:\Program Files\NetBeans 7.0.1\java\modules\ext\jaxws22\FastInfoset.jar;C:\Program Files\NetBeans 7.0.1\java\modules\ext\jaxws22\gmbal-api-only.jar;C:\Program Files\NetBeans 7.0.1\java\modules\ext\jaxws22\http.jar;C:\Program Files\NetBeans 7.0.1\java\modules\ext\jaxws22\jaxws-rt.jar;C:\Program Files\NetBeans 7.0.1\java\modules\ext\jaxws22\jaxws-tools.jar;C:\Program Files\NetBeans 7.0.1\java\modules\ext\jaxws22\management-api.jar;C:\Program Files\NetBeans 7.0.1\java\modules\ext\jaxws22\mimepull.jar;C:\Program Files\NetBeans 7.0.1\java\modules\ext\jaxws22\policy.jar;C:\Program Files\NetBeans 7.0.1\java\modules\ext\jaxws22\saaj-impl.jar;C:\Program Files\NetBeans 7.0.1\java\modules\ext\jaxws22\stax-ex.jar;C:\Program Files\NetBeans 7.0.1\java\modules\ext\jaxws22\streambuffer.jar;C:\Program Files\NetBeans 7.0.1\java\modules\ext\jaxws22\woodstox.jar;C:\Program Files\NetBeans 7.0.1\java\modules\ext\jaxws22\api\jaxws-api.jar;C:\Program Files\NetBeans 7.0.1\java\modules\ext\jaxws22\api\jsr181-api.jar;C:\Program Files\NetBeans 7.0.1\java\modules\ext\jaxws22\api\jsr250-api.jar;C:\Program Files\NetBeans 7.0.1\java\modules\ext\jaxws22\api\saaj-api.jar;C:\Program Files\NetBeans 7.0.1\ide\modules\ext\jaxb\activation.jar;C:\Program Files\NetBeans 7.0.1\ide\modules\ext\jaxb\api\jaxb-api.jar;C:\Program Files\NetBeans 7.0.1\ide\modules\ext\jaxb\api\jsr173_api.jar" />
    <property name="compile.on.save" value="false" />
    <property name="apple.awt.graphics.UseQuartz" value="true" />
    <property name="user.language" value="es" />
    <property name="libs.spring-framework.classpath" value="C:\Program Files\NetBeans 7.0.1\ide\modules\ext\commons-logging-1.1.jar;C:\Program Files\NetBeans 7.0.1\java\modules\ext\cglib-2.2.jar;C:\Program Files\NetBeans 7.0.1\java\modules\ext\spring\spring-2.5.6.SEC01.jar" />
    <property name="libs.eclipselink.maven-pom" value="" />
    <property name="application.vendor" value="g" />
    <property name="manifest.available" value="true" />
    <property name="libs.spring-framework300.maven-pom" value="" />
    <property name="run.test.classpath" value="C:\Program Files\NetBeans 7.0.1\ide\modules\ext\mysql-connector-java-5.1.13-bin.jar:${libs.jasperreports.classpath}:C:\Program Files\NetBeans 7.0.1\ide\modules\ext\postgresql-8.3-603.jdbc3.jar:F:\TP2\Semana 13\Software adicional\librería\commons-beanutils-1.8.0.jar;F:\TP2\Semana 13\Software adicional\librería\commons-collections-3.2.1.jar;F:\TP2\Semana 13\Software adicional\librería\commons-digester-1.7.jar;F:\TP2\Semana 13\Software adicional\librería\commons-logging-1.1.jar;F:\TP2\Semana 13\Software adicional\librería\iText-2.1.0.jar;F:\TP2\Semana 13\Software adicional\librería\jasperreports-3.6.1.jar;F:\TP2\Semana 13\Software adicional\librería\mysql-connector-java-5.0.7-bin.jar;F:\TP2\Semana 13\Software adicional\librería\poi-3.5-FINAL-20090928.jar:${libs.MyLibrary2.classpath}:build/classes:C:\Users\jefferson\.netbeans\7.0\modules\ext\junit-4.8.2.jar:build/test/classes" />
    <property name="ant.project.invoked-targets" value="test-single" />
    <property name="libs.swing-layout.javadoc" value="C:\Program Files\NetBeans 7.0.1\platform\docs\swing-layout-1.0.4-doc.zip" />
    <property name="libs.swing-app-framework.javadoc" value="C:\Program Files\NetBeans 7.0.1\java\docs\appframework-1.0.3-doc.zip" />
    <property name="libs.ejb3-persistence.maven-pom" value="" />
    <property name="libs.PostgreSQLDriver.maven-pom" value="" />
    <property name="java.class.version" value="51.0" />
    <property name="netbeans.system_http_proxy" value="DIRECT" />
    <property name="libs.eclipselink.javadoc" value="" />
    <property name="user.properties.file" value="C:\Users\jefferson\.netbeans\7.0\build.properties" />
    <property name="runtime.encoding" value="UTF-8" />
    <property name="libs.spring-framework.src" value="" />
    <property name="libs.javac-api.maven-pom" value="" />
    <property name="file.encoding.pkg" value="sun.io" />
    <property name="sun.cpu.endian" value="little" />
    <property name="ant.file.type.Eurekabank" value="file" />
    <property name="libs.JWSAntTasks.classpath" value="C:\Program Files\NetBeans 7.0.1\java\ant\extra\org-netbeans-modules-javawebstart-anttasks.jar" />
    <property name="libs.spring-framework300.src" value="" />
    <property name="empty.dir" value="F:\TP2\GRUPO1- TP_II\Eurekabank\build\empty" />
    <property name="version-output" value="java version &quot;1.7" />
    <property name="javadoc.preview" value="true" />
    <property name="nbplatform.default.harness.dir" value="C:\Program Files\NetBeans 7.0.1/harness" />
    <property name="java.home" value="C:\Program Files\Java\jdk1.7.0\jre" />
    <property name="debug.test.classpath" value="C:\Program Files\NetBeans 7.0.1\ide\modules\ext\mysql-connector-java-5.1.13-bin.jar:${libs.jasperreports.classpath}:C:\Program Files\NetBeans 7.0.1\ide\modules\ext\postgresql-8.3-603.jdbc3.jar:F:\TP2\Semana 13\Software adicional\librería\commons-beanutils-1.8.0.jar;F:\TP2\Semana 13\Software adicional\librería\commons-collections-3.2.1.jar;F:\TP2\Semana 13\Software adicional\librería\commons-digester-1.7.jar;F:\TP2\Semana 13\Software adicional\librería\commons-logging-1.1.jar;F:\TP2\Semana 13\Software adicional\librería\iText-2.1.0.jar;F:\TP2\Semana 13\Software adicional\librería\jasperreports-3.6.1.jar;F:\TP2\Semana 13\Software adicional\librería\mysql-connector-java-5.0.7-bin.jar;F:\TP2\Semana 13\Software adicional\librería\poi-3.5-FINAL-20090928.jar:${libs.MyLibrary2.classpath}:build/classes:C:\Users\jefferson\.netbeans\7.0\modules\ext\junit-4.8.2.jar:build/test/classes" />
    <property name="libs.JasperReports1.classpath" value="F:\TP2\Semana 13\Software adicional\librería\commons-beanutils-1.8.0.jar;F:\TP2\Semana 13\Software adicional\librería\commons-collections-3.2.1.jar;F:\TP2\Semana 13\Software adicional\librería\commons-digester-1.7.jar;F:\TP2\Semana 13\Software adicional\librería\commons-logging-1.1.jar;F:\TP2\Semana 13\Software adicional\librería\iText-2.1.0.jar;F:\TP2\Semana 13\Software adicional\librería\jasperreports-3.6.1.jar;F:\TP2\Semana 13\Software adicional\librería\mysql-connector-java-5.0.7-bin.jar;F:\TP2\Semana 13\Software adicional\librería\poi-3.5-FINAL-20090928.jar" />
    <property name="netbeans.importclass" value="org.netbeans.upgrade.AutoUpgrade" />
    <property name="ant.project.default-target" value="default" />
    <property name="annotation.processing.run.all.processors" value="true" />
    <property name="libs.toplink.maven-pom" value="" />
    <property name="libs.PostgreSQLDriver.javadoc" value="" />
    <property name="libs.MySQLDriver.maven-pom" value="" />
    <property name="libs.junit_4.javadoc" value="C:\Users\jefferson\.netbeans\7.0\docs\junit-4.8.2-api.zip" />
    <property name="libs.toplink.src" value="" />
    <property name="run.classpath" value="C:\Program Files\NetBeans 7.0.1\ide\modules\ext\mysql-connector-java-5.1.13-bin.jar:${libs.jasperreports.classpath}:C:\Program Files\NetBeans 7.0.1\ide\modules\ext\postgresql-8.3-603.jdbc3.jar:F:\TP2\Semana 13\Software adicional\librería\commons-beanutils-1.8.0.jar;F:\TP2\Semana 13\Software adicional\librería\commons-collections-3.2.1.jar;F:\TP2\Semana 13\Software adicional\librería\commons-digester-1.7.jar;F:\TP2\Semana 13\Software adicional\librería\commons-logging-1.1.jar;F:\TP2\Semana 13\Software adicional\librería\iText-2.1.0.jar;F:\TP2\Semana 13\Software adicional\librería\jasperreports-3.6.1.jar;F:\TP2\Semana 13\Software adicional\librería\mysql-connector-java-5.0.7-bin.jar;F:\TP2\Semana 13\Software adicional\librería\poi-3.5-FINAL-20090928.jar:${libs.MyLibrary2.classpath}:build/classes" />
    <property name="libs.hibernate-support.src" value="" />
    <property name="annotation.processing.enabled.in.editor" value="false" />
    <property name="sun.management.compiler" value="HotSpot Client Compiler" />
    <property name="javac.deprecation" value="false" />
    <property name="javadoc.use" value="true" />
    <property name="sun.java2d.noddraw" value="true" />
    <property name="javac.processorpath" value="C:\Program Files\NetBeans 7.0.1\ide\modules\ext\mysql-connector-java-5.1.13-bin.jar:${libs.jasperreports.classpath}:C:\Program Files\NetBeans 7.0.1\ide\modules\ext\postgresql-8.3-603.jdbc3.jar:F:\TP2\Semana 13\Software adicional\librería\commons-beanutils-1.8.0.jar;F:\TP2\Semana 13\Software adicional\librería\commons-collections-3.2.1.jar;F:\TP2\Semana 13\Software adicional\librería\commons-digester-1.7.jar;F:\TP2\Semana 13\Software adicional\librería\commons-logging-1.1.jar;F:\TP2\Semana 13\Software adicional\librería\iText-2.1.0.jar;F:\TP2\Semana 13\Software adicional\librería\jasperreports-3.6.1.jar;F:\TP2\Semana 13\Software adicional\librería\mysql-connector-java-5.0.7-bin.jar;F:\TP2\Semana 13\Software adicional\librería\poi-3.5-FINAL-20090928.jar:${libs.MyLibrary2.classpath}" />
    <property name="javac.compilerargs" value="" />
    <property name="ant.file" value="F:\TP2\GRUPO1- TP_II\Eurekabank\build.xml" />
    <property name="libs.beans-binding.maven-pom" value="" />
    <property name="sun.awt.exception.handler" value="org.netbeans.core.startup.TopLogging$AWTHandler" />
    <property name="libs.beans-binding.src" value="" />
    <property name="java.vm.specification.vendor" value="Oracle Corporation" />
    <property name="libs.swing-layout.src" value="C:\Program Files\NetBeans 7.0.1\platform\docs\swing-layout-1.0.4-src.zip" />
    <property name="org.openide.major.version" value="IDE/1" />
    <property name="java.vm.name" value="Java HotSpot(TM) Client VM" />
    <property name="netbeans.user" value="C:\Users\jefferson\.netbeans\7.0" />
    <property name="javadoc.additionalparam" value="" />
    <property name="java.io.tmpdir" value="C:\Users\JEFFER~1\AppData\Local\Temp\" />
    <property name="java.vendor.url" value="http://java.oracle.com/" />
    <property name="endorsed.classpath.cmd.line.arg" value="" />
    <property name="sun.boot.library.path" value="C:\Program Files\Java\jdk1.7.0\jre\bin" />
    <property name="have.sources" value="true" />
    <property name="debug.classpath" value="C:\Program Files\NetBeans 7.0.1\ide\modules\ext\mysql-connector-java-5.1.13-bin.jar:${libs.jasperreports.classpath}:C:\Program Files\NetBeans 7.0.1\ide\modules\ext\postgresql-8.3-603.jdbc3.jar:F:\TP2\Semana 13\Software adicional\librería\commons-beanutils-1.8.0.jar;F:\TP2\Semana 13\Software adicional\librería\commons-collections-3.2.1.jar;F:\TP2\Semana 13\Software adicional\librería\commons-digester-1.7.jar;F:\TP2\Semana 13\Software adicional\librería\commons-logging-1.1.jar;F:\TP2\Semana 13\Software adicional\librería\iText-2.1.0.jar;F:\TP2\Semana 13\Software adicional\librería\jasperreports-3.6.1.jar;F:\TP2\Semana 13\Software adicional\librería\mysql-connector-java-5.0.7-bin.jar;F:\TP2\Semana 13\Software adicional\librería\poi-3.5-FINAL-20090928.jar:${libs.MyLibrary2.classpath}:build/classes" />
    <property name="javadoc.private" value="false" />
    <property name="test.src.dir" value="test" />
    <property name="meta.inf.dir" value="src/META-INF" />
    <property name="javadoc.encoding.used" value="UTF-8" />
    <property name="dist.jar" value="dist/Eurekabank.jar" />
    <property name="java.runtime.name" value="Java(TM) SE Runtime Environment" />
    <property name="ant.project.name" value="Eurekabank" />
    <property name="netbeans.hash.code" value="unique=NB_JAVA0cd7adcab-8bf3-435a-9378-a60efc210b16_4f31a6cf-148d-42a0-97e5-06971c12fd97" />
    <property name="manifest.available-mkdist.available" value="true" />
    <property name="sun.cpu.isalist" value="pentium_pro+mmx pentium_pro pentium+mmx pentium i486 i386 i86" />
    <property name="libs.CopyLibs.javadoc" value="" />
    <property name="org.openide.specification.version" value="6.2" />
    <property name="libs.hibernate-support.classpath" value="C:\Program Files\NetBeans 7.0.1\java\modules\ext\hibernate\antlr-2.7.6.jar;C:\Program Files\NetBeans 7.0.1\java\modules\ext\hibernate\asm.jar;C:\Program Files\NetBeans 7.0.1\java\modules\ext\hibernate\asm-attrs.jar;C:\Program Files\NetBeans 7.0.1\java\modules\ext\hibernate\cglib-2.1.3.jar;C:\Program Files\NetBeans 7.0.1\java\modules\ext\hibernate\commons-collections-2.1.1.jar;C:\Program Files\NetBeans 7.0.1\ide\modules\ext\commons-logging-1.1.jar;C:\Program Files\NetBeans 7.0.1\java\modules\ext\hibernate\dom4j-1.6.1.jar;C:\Program Files\NetBeans 7.0.1\java\modules\ext\hibernate\ehcache-1.2.3.jar;C:\Program Files\NetBeans 7.0.1\java\modules\ext\hibernate\jdbc2_0-stdext.jar;C:\Program Files\NetBeans 7.0.1\java\modules\ext\hibernate\jta.jar;C:\Program Files\NetBeans 7.0.1\java\modules\ext\hibernate\hibernate3.jar;C:\Program Files\NetBeans 7.0.1\java\modules\ext\hibernate\hibernate-tools.jar;C:\Program Files\NetBeans 7.0.1\java\modules\ext\hibernate\hibernate-annotations.jar;C:\Program Files\NetBeans 7.0.1\java\modules\ext\hibernate\hibernate-commons-annotations.jar;C:\Program Files\NetBeans 7.0.1\java\modules\ext\hibernate\hibernate-entitymanager.jar;C:\Program Files\NetBeans 7.0.1\java\modules\ext\hibernate\javassist.jar" />
    <property name="user.home" value="C:\Users\jefferson" />
    <property name="annotation.processing.processors.list" value="" />
    <property name="debug-args-line" value="-Xdebug" />
    <property name="libs.JWSAntTasks.src" value="" />
    <property name="jar.index" value="false" />
    <property name="libs.CopyLibs.maven-pom" value="" />
    <property name="libs.spring-framework300.javadoc" value="" />
    <property name="libs.hibernate-persistence.maven-pom" value="" />
    <property name="libs.absolutelayout.javadoc" value="" />
    <property name="java.specification.name" value="Java Platform API Specification" />
    <property name="libs.swing-app-framework.maven-pom" value="" />
    <property name="do.archive+main.class.available" value="true" />
    <property name="java.specification.vendor" value="Oracle Corporation" />
    <property name="libs.javac-api.classpath" value="C:\Program Files\NetBeans 7.0.1\java\modules\ext\javac-api-nb-7.0-b07.jar" />
    <property name="java.version" value="1.7.0" />
    <property name="javadoc.version" value="false" />
    <property name="libs.MySQLDriver.javadoc" value="" />
    <property name="org.openide.version" value="deprecated" />
    <property name="source.encoding" value="UTF-8" />
    <property name="ap.cmd.line.internal" value="" />
    <property name="libs.eclipselinkmodelgen.maven-pom" value="" />
    <property name="libs.junit.maven-pom" value="" />
    <property name="libs.eclipselinkmodelgen.javadoc" value="" />
    <property name="netbeans.home+have.tests" value="true" />
    <property name="annotation.processing.processor.options" value="" />
    <property name="libs.jaxb.src" value="" />
    <property name="work.dir" value="F:\TP2\GRUPO1- TP_II\Eurekabank" />
    <property name="libs.jaxb.classpath" value="C:\Program Files\NetBeans 7.0.1\ide\modules\ext\jaxb\jaxb-impl.jar;C:\Program Files\NetBeans 7.0.1\ide\modules\ext\jaxb\jaxb-xjc.jar;C:\Program Files\NetBeans 7.0.1\ide\modules\ext\jaxb\jaxb1-impl.jar;C:\Program Files\NetBeans 7.0.1\ide\modules\ext\jaxb\activation.jar;C:\Program Files\NetBeans 7.0.1\ide\modules\ext\jaxb\api\jaxb-api.jar;C:\Program Files\NetBeans 7.0.1\ide\modules\ext\jaxb\api\jsr173_api.jar" />
    <property name="do.depend" value="false" />
    <property name="dist.javadoc.dir" value="dist/javadoc" />
    <property name="libs.swing-layout.classpath" value="C:\Program Files\NetBeans 7.0.1\platform\modules\ext\swing-layout-1.0.4.jar" />
    <property name="libs.JasperReports.maven-pom" value="" />
    <property name="build.generated.dir" value="build/generated" />
    <property name="javac.source" value="1.5" />
    <property name="libs.JasperReports1.src" value="" />
    <property name="libs.hibernate-persistence.src" value="" />
    <property name="line.separator" value="&#xd;&#xa;" />
    <property name="java.specification.version" value="1.7" />
    <property name="libs.jaxws21.maven-pom" value="" />
    <property name="java.vm.info" value="mixed mode" />
    <property name="junit.forkmode" value="perTest" />
    <property name="user.country.format" value="PE" />
    <property name="libs.spring-framework.maven-pom" value="" />
    <property name="sun.boot.class.path" value="C:\Program Files\Java\jdk1.7.0\jre\lib\resources.jar;C:\Program Files\Java\jdk1.7.0\jre\lib\rt.jar;C:\Program Files\Java\jdk1.7.0\jre\lib\sunrsasign.jar;C:\Program Files\Java\jdk1.7.0\jre\lib\jsse.jar;C:\Program Files\Java\jdk1.7.0\jre\lib\jce.jar;C:\Program Files\Java\jdk1.7.0\jre\lib\charsets.jar;C:\Program Files\Java\jdk1.7.0\jre\classes" />
    <property name="javac.target" value="1.5" />
    <property name="built-jar.properties" value="F:\TP2\GRUPO1- TP_II\Eurekabank\build\built-jar.properties" />
    <property name="build.test.classes.dir" value="build/test/classes" />
    <property name="src.dir" value="src" />
    <property name="annotation.processing.enabled" value="true" />
    <property name="sun.awt.keepWorkingSetOnMinimize" value="true" />
    <property name="nbplatform.default.netbeans.dest.dir" value="C:\Program Files\NetBeans 7.0.1" />
    <property name="dist.dir" value="dist" />
    <property name="do.archive+manifest.available+main.class" value="true" />
    <property name="javac.fork" value="false" />
    <property name="java.awt.printerjob" value="sun.awt.windows.WPrinterJob" />
    <property name="default.javac.source" value="1.7" />
    <property name="debug-transport-by-os" value="dt_shmem" />
    <property name="libs.JasperReports1.javadoc" value="F:\TP2\Semana 13\Software adicional\javadoc.zip" />
    <property name="libs.MySQLDriver.src" value="" />
    <property name="sun.jnu.encoding" value="Cp1252" />
    <property name="java.runtime.version" value="1.7.0-b147" />
    <property name="build.test.results.dir" value="build/test/results" />
    <property name="libs.ejb3-persistence.javadoc" value="" />
    <property name="ant.file.Eurekabank" value="F:\TP2\GRUPO1- TP_II\Eurekabank\build.xml" />
    <property name="manifest.available+main.class+mkdist.available" value="true" />
    <property name="default.javac.target" value="1.7" />
    <property name="libs.junit_4.classpath" value="C:\Users\jefferson\.netbeans\7.0\modules\ext\junit-4.8.2.jar" />
    <property name="user.timezone" value="" />
    <property name="do.jar" value="true" />
    <property name="netbeans.dirs" value="C:\Program Files\NetBeans 7.0.1\nb;C:\Program Files\NetBeans 7.0.1\ergonomics;C:\Program Files\NetBeans 7.0.1\ide;C:\Program Files\NetBeans 7.0.1\java;C:\Program Files\NetBeans 7.0.1\xml;C:\Program Files\NetBeans 7.0.1\apisupport;C:\Program Files\NetBeans 7.0.1\webcommon;C:\Program Files\NetBeans 7.0.1\websvccommon;C:\Program Files\NetBeans 7.0.1\enterprise;C:\Program Files\NetBeans 7.0.1\mobility;C:\Program Files\NetBeans 7.0.1\profiler;C:\Program Files\NetBeans 7.0.1\ruby;C:\Program Files\NetBeans 7.0.1\python;C:\Program Files\NetBeans 7.0.1\php;C:\Program Files\NetBeans 7.0.1\visualweb;C:\Program Files\NetBeans 7.0.1\soa;C:\Program Files\NetBeans 7.0.1\identity;C:\Program Files\NetBeans 7.0.1\uml;C:\Program Files\NetBeans 7.0.1\harness;C:\Program Files\NetBeans 7.0.1\cnd;C:\Program Files\NetBeans 7.0.1\dlight;C:\Program Files\NetBeans 7.0.1\groovy;C:\Program Files\NetBeans 7.0.1\extra;C:\Program Files\NetBeans 7.0.1\javafx;C:\Program Files\NetBeans 7.0.1\javacard" />
    <property name="libs.JasperReports1.maven-pom" value="" />
    <property name="java.ext.dirs" value="C:\Program Files\Java\jdk1.7.0\jre\lib\ext;C:\windows\Sun\Java\lib\ext" />
    <property name="endorsed.classpath" value="" />
    <property name="libs.absolutelayout.classpath" value="C:\Program Files\NetBeans 7.0.1\java\modules\ext\AbsoluteLayout.jar" />
    <property name="excludes" value="" />
    <property name="java.class.path" value="C:\Program Files\NetBeans 7.0.1\ide\modules\ext\mysql-connector-java-5.1.13-bin.jar;C:\Program Files\NetBeans 7.0.1\ide\modules\ext\postgresql-8.3-603.jdbc3.jar;F:\TP2\Semana 13\Software adicional\librería\commons-beanutils-1.8.0.jar;F:\TP2\Semana 13\Software adicional\librería\commons-collections-3.2.1.jar;F:\TP2\Semana 13\Software adicional\librería\commons-digester-1.7.jar;F:\TP2\Semana 13\Software adicional\librería\commons-logging-1.1.jar;F:\TP2\Semana 13\Software adicional\librería\iText-2.1.0.jar;F:\TP2\Semana 13\Software adicional\librería\jasperreports-3.6.1.jar;F:\TP2\Semana 13\Software adicional\librería\mysql-connector-java-5.0.7-bin.jar;F:\TP2\Semana 13\Software adicional\librería\poi-3.5-FINAL-20090928.jar;F:\TP2\GRUPO1- TP_II\Eurekabank\build\classes;C:\Users\jefferson\.netbeans\7.0\modules\ext\junit-4.8.2.jar;F:\TP2\GRUPO1- TP_II\Eurekabank\build\test\classes;C:\Program Files\NetBeans 7.0.1\java\ant\lib\ant-launcher.jar;C:\Program Files\NetBeans 7.0.1\java\ant\lib\ant.jar;C:\Program Files\NetBeans 7.0.1\java\ant\lib\ant-junit.jar;C:\Program Files\NetBeans 7.0.1\java\ant\lib\ant-junit4.jar" />
    <property name="apple.laf.useScreenMenuBar" value="true" />
    <property name="do.mkdist" value="true" />
    <property name="libs.absolutelayout.src" value="" />
    <property name="os.version" value="6.1" />
    <property name="application.args" value="" />
    <property name="sun.awt.enableExtraMouseButtons" value="true" />
    <property name="main.class.available" value="true" />
    <property name="libs.toplink.javadoc" value="" />
    <property name="sun.desktop" value="windows" />
    <property name="libs.eclipselink.classpath" value="C:\Program Files\NetBeans 7.0.1\java\modules\ext\eclipselink\eclipselink-2.2.0.jar;C:\Program Files\NetBeans 7.0.1\java\modules\ext\eclipselink\eclipselink-javax.persistence-2.0.jar" />
    <property name="java.awt.graphicsenv" value="sun.awt.Win32GraphicsEnvironment" />
    <property name="libs.beans-binding.javadoc" value="C:\Program Files\NetBeans 7.0.1\java\docs\beansbinding-1.2.1-doc.zip" />
    <property name="java.vm.vendor" value="Oracle Corporation" />
    <property name="libs.CopyLibs.classpath" value="C:\Program Files\NetBeans 7.0.1\java\ant\extra\org-netbeans-modules-java-j2seproject-copylibstask.jar" />
    <property name="libs.spring-framework300.classpath" value="C:\Program Files\NetBeans 7.0.1\ide\modules\ext\commons-logging-1.1.jar;C:\Program Files\NetBeans 7.0.1\java\modules\ext\cglib-2.2.jar;C:\Program Files\NetBeans 7.0.1\java\modules\ext\spring-3.0\spring-aop-3.0.2.RELEASE.jar;C:\Program Files\NetBeans 7.0.1\java\modules\ext\spring-3.0\spring-asm-3.0.2.RELEASE.jar;C:\Program Files\NetBeans 7.0.1\java\modules\ext\spring-3.0\spring-aspects-3.0.2.RELEASE.jar;C:\Program Files\NetBeans 7.0.1\java\modules\ext\spring-3.0\spring-beans-3.0.2.RELEASE.jar;C:\Program Files\NetBeans 7.0.1\java\modules\ext\spring-3.0\spring-context-3.0.2.RELEASE.jar;C:\Program Files\NetBeans 7.0.1\java\modules\ext\spring-3.0\spring-context-support-3.0.2.RELEASE.jar;C:\Program Files\NetBeans 7.0.1\java\modules\ext\spring-3.0\spring-core-3.0.2.RELEASE.jar;C:\Program Files\NetBeans 7.0.1\java\modules\ext\spring-3.0\spring-expression-3.0.2.RELEASE.jar;C:\Program Files\NetBeans 7.0.1\java\modules\ext\spring-3.0\spring-instrument-3.0.2.RELEASE.jar;C:\Program Files\NetBeans 7.0.1\java\modules\ext\spring-3.0\spring-instrument-tomcat-3.0.2.RELEASE.jar;C:\Program Files\NetBeans 7.0.1\java\modules\ext\spring-3.0\spring-jdbc-3.0.2.RELEASE.jar;C:\Program Files\NetBeans 7.0.1\java\modules\ext\spring-3.0\spring-jms-3.0.2.RELEASE.jar;C:\Program Files\NetBeans 7.0.1\java\modules\ext\spring-3.0\spring-orm-3.0.2.RELEASE.jar;C:\Program Files\NetBeans 7.0.1\java\modules\ext\spring-3.0\spring-oxm-3.0.2.RELEASE.jar;C:\Program Files\NetBeans 7.0.1\java\modules\ext\spring-3.0\spring-test-3.0.2.RELEASE.jar;C:\Program Files\NetBeans 7.0.1\java\modules\ext\spring-3.0\spring-tx-3.0.2.RELEASE.jar;C:\Program Files\NetBeans 7.0.1\java\modules\ext\spring-3.0\spring-web-3.0.2.RELEASE.jar;C:\Program Files\NetBeans 7.0.1\java\modules\ext\spring-3.0\spring-webmvc-portlet-3.0.2.RELEASE.jar;C:\Program Files\NetBeans 7.0.1\java\modules\ext\spring-3.0\spring-webmvc-3.0.2.RELEASE.jar;C:\Program Files\NetBeans 7.0.1\java\modules\ext\spring-3.0\spring-struts-3.0.2.RELEASE.jar" />
    <property name="run.jvmargs" value="" />
    <property name="libs.ejb3-persistence.classpath" value="C:\Program Files\NetBeans 7.0.1\java\modules\ext\hibernate\ejb3-persistence.jar" />
    <property name="libs.spring-framework.javadoc" value="" />
    <property name="libs.PostgreSQLDriver.classpath" value="C:\Program Files\NetBeans 7.0.1\ide\modules\ext\postgresql-8.3-603.jdbc3.jar" />
    <property name="user.script" value="" />
    <property name="libs.junit.src" value="" />
    <property name="annotation.processing.source.output" value="build/generated-sources/ap-source-output" />
    <property name="main.class" value="presentacion.FrmListadoTipoMovimiento" />
    <property name="build.dir" value="build" />
    <property name="libs.CopyLibs.src" value="" />
    <property name="ant.version" value="Apache Ant(TM) version 1.8.2 compiled on December 20 2010" />
    <property name="build.classes.excludes" value="**/*.java,**/*.form" />
    <property name="file.encoding" value="Cp1252" />
    <property name="javadoc.nonavbar" value="false" />
    <property name="jdkBug6558476" value="false" />
    <property name="platform.active" value="default_platform" />
    <property name="awt.toolkit" value="sun.awt.windows.WToolkit" />
  </properties>
  <testcase classname="entidades.EmpleadoTest1" name="testGetCodigo" time="0.006" />
  <testcase classname="entidades.EmpleadoTest1" name="testSetCodigo" time="0.0" />
  <testcase classname="entidades.EmpleadoTest1" name="testGetPaterno" time="0.0" />
  <testcase classname="entidades.EmpleadoTest1" name="testSetPaterno" time="0.0" />
  <testcase classname="entidades.EmpleadoTest1" name="testGetMaterno" time="0.0" />
  <testcase classname="entidades.EmpleadoTest1" name="testSetMaterno" time="0.0" />
  <testcase classname="entidades.EmpleadoTest1" name="testGetNombre" time="0.0" />
  <testcase classname="entidades.EmpleadoTest1" name="testSetNombre" time="0.001" />
  <testcase classname="entidades.EmpleadoTest1" name="testGetCiudad" time="0.0" />
  <testcase classname="entidades.EmpleadoTest1" name="testSetCiudad" time="0.002" />
  <testcase classname="entidades.EmpleadoTest1" name="testGetDireccion" time="0.0" />
  <testcase classname="entidades.EmpleadoTest1" name="testSetDireccion" time="0.0" />
  <testcase classname="entidades.EmpleadoTest1" name="testGetUsuario" time="0.001" />
  <testcase classname="entidades.EmpleadoTest1" name="testSetUsuario" time="0.0" />
  <testcase classname="entidades.EmpleadoTest1" name="testCompareTo" time="0.001" />
  <testcase classname="entidades.EmpleadoTest1" name="testSetClave" time="0.003" />
  <testcase classname="entidades.EmpleadoTest1" name="testGetClave" time="0.0" />
  <system-out><![CDATA[getCodigo
setCodigo
getPaterno
setPaterno
getMaterno
setMaterno
getNombre
setNombre
getCiudad
setCiudad
getDireccion
setDireccion
getUsuario
setUsuario
compareTo
setClave
getClave
]]></system-out>
  <system-err><![CDATA[]]></system-err>
</testsuite>
